2021-09-14 18:12:29,545 [Worker-5: Loading available Gradle versions] INFO  o.e.b.c.i.u.g.PublishedGradleVersions - Gradle version information cache is up-to-date. Trying to read.
2021-09-14 18:13:21,691 [Worker-10: Update Maven projects configuration] INFO  o.e.m.c.i.p.ProjectConfigurationManager - Update started
2021-09-14 18:13:24,015 [Worker-10: Update Maven projects configuration] INFO  o.e.m.c.i.l.LifecycleMappingFactory - Using org.eclipse.m2e.jdt.JarLifecycleMapping lifecycle mapping for MavenProject: com.algaworks:live-concorrencia-com-jpa:1.0-SNAPSHOT @ D:\JPA_AJGAWORKS\PASTA004\Apoio\live-lock-pessimista-com-jpa-master\live-lock-pessimista-com-jpa-master\pom.xml.
2021-09-14 18:13:25,515 [Worker-10: Update Maven projects configuration] INFO  o.e.m.c.i.e.AbstractTransferListenerAdapter - Downloading https://repo.maven.apache.org/maven2/org/hibernate/hibernate-core/5.4.3.Final/hibernate-core-5.4.3.Final.pom
2021-09-14 18:13:25,924 [Worker-10: Update Maven projects configuration] INFO  o.e.m.c.i.e.AbstractTransferListenerAdapter - Downloaded https://repo.maven.apache.org/maven2/org/hibernate/hibernate-core/5.4.3.Final/hibernate-core-5.4.3.Final.pom
2021-09-14 18:13:26,506 [Worker-10: Update Maven projects configuration] INFO  o.e.m.c.i.e.AbstractTransferListenerAdapter - Downloading https://repo.maven.apache.org/maven2/org/hibernate/hibernate-core/5.4.3.Final/hibernate-core-5.4.3.Final.jar
2021-09-14 18:13:28,913 [Worker-10: Update Maven projects configuration] INFO  o.e.m.c.i.e.AbstractTransferListenerAdapter - Downloaded https://repo.maven.apache.org/maven2/org/hibernate/hibernate-core/5.4.3.Final/hibernate-core-5.4.3.Final.jar
2021-09-14 18:13:31,989 [Worker-0: Download sources and javadoc] INFO  o.e.m.c.i.e.AbstractTransferListenerAdapter - Downloading https://repo.maven.apache.org/maven2/org/hibernate/hibernate-core/5.4.3.Final/hibernate-core-5.4.3.Final-sources.jar
2021-09-14 18:13:32,178 [Worker-7: Updating Maven Dependencies] INFO  o.e.m.c.i.l.LifecycleMappingFactory - Using org.eclipse.m2e.jdt.JarLifecycleMapping lifecycle mapping for MavenProject: com.algaworks:live-comece_assim_com_jpa:1.0-SNAPSHOT @ D:\JPA_AJGAWORKS\PASTA004\live-comece_assim_com_jpa_otimista\pom.xml.
2021-09-14 18:13:34,420 [Worker-0: Download sources and javadoc] INFO  o.e.m.c.i.e.AbstractTransferListenerAdapter - Downloaded https://repo.maven.apache.org/maven2/org/hibernate/hibernate-core/5.4.3.Final/hibernate-core-5.4.3.Final-sources.jar
2021-09-14 18:13:34,437 [Worker-0: Download sources and javadoc] INFO  o.e.m.j.internal.DownloadSourcesJob - Downloaded sources for org.hibernate:hibernate-core:5.4.3.Final
2021-09-14 18:13:35,101 [Worker-10: Update Maven projects configuration] INFO  o.e.m.j.i.AbstractJavaProjectConfigurator - Adding source folder /live-lock-pessimista-com-jpa-master/src/main/java
2021-09-14 18:13:35,102 [Worker-10: Update Maven projects configuration] INFO  o.e.m.j.i.AbstractJavaProjectConfigurator - Adding resource folder /live-lock-pessimista-com-jpa-master/src/main/resources
2021-09-14 18:13:35,646 [Worker-10: Update Maven projects configuration] INFO  o.e.m.j.i.AbstractJavaProjectConfigurator - Adding source folder /live-lock-pessimista-com-jpa-master/src/test/java
2021-09-14 18:13:38,296 [Worker-10: Update Maven projects configuration] INFO  o.e.m.c.i.p.ProjectConfigurationManager - Update completed: 16 sec
2021-09-14 18:13:39,431 [Worker-1: Building] WARN  o.e.m.c.i.embedder.EclipseLogger - Using platform encoding (Cp1252 actually) to copy filtered resources, i.e. build is platform dependent!
2021-09-14 18:13:39,443 [Worker-1: Building] INFO  o.e.m.c.i.embedder.EclipseLogger - Copying 0 resource
2021-09-14 18:13:39,446 [Worker-1: Building] WARN  o.e.m.c.i.embedder.EclipseLogger - Using platform encoding (Cp1252 actually) to copy filtered resources, i.e. build is platform dependent!
2021-09-14 18:13:39,449 [Worker-1: Building] INFO  o.e.m.c.i.embedder.EclipseLogger - Copying 2 resources
2021-09-14 18:13:40,042 [Worker-1: Building] WARN  o.e.m.c.i.embedder.EclipseLogger - Using platform encoding (Cp1252 actually) to copy filtered resources, i.e. build is platform dependent!
2021-09-14 18:13:40,075 [Worker-1: Building] INFO  o.e.m.c.i.embedder.EclipseLogger - Copying 2 resources
2021-09-14 18:13:40,105 [Worker-1: Building] WARN  o.e.m.c.i.embedder.EclipseLogger - Using platform encoding (Cp1252 actually) to copy filtered resources, i.e. build is platform dependent!
2021-09-14 18:13:40,106 [Worker-1: Building] INFO  o.e.m.c.i.embedder.EclipseLogger - skip non existing resourceDirectory D:\JPA_AJGAWORKS\PASTA004\Apoio\live-lock-pessimista-com-jpa-master\live-lock-pessimista-com-jpa-master\src\test\resources
